1: package io;
2: 
3: import java.io.*;
4: 
5: /**
6:  * @author lh
7:  * Modify BasicFileOutput.java so that it uses
8:  * LineNumberReader to keep track of the line
9:  * count. Note that it's much easier to just keep
10:  * track programmatically
11:  **/
12: public class E13_CountLines {
13:     static String file = "E13_CountLines.out";
14: 
15:     public static void main(String[] args) throws IOException {
16:         // LineNumberReader is inherited from
17:         LineNumberReader in = new LineNumberReader(
18:                 new FileReader("thinking_in_java/src/main/java/io/E13_CountLines.java")
19:         );
20:         PrintWriter out = new PrintWriter(file);
21:         String s;
22:         while ((s = in.readLine()) != null) {
23:             out.println(in.getLineNumber() + ": " + s);
24:         }
25:         out.close();
26:         // Show the stored file:
27:         System.out.println(BufferedInputFile.read(file));
28:     }
29: 
30: }
